Compiling 1 files with Solc 0.8.24
Solc 0.8.24 finished in 3.01s
Compiler run successful with warnings:
Warning (5667): Unused function parameter. Remove or comment out the variable name to silence this warning.
   --> src/core/StackSaveOctant.sol:198:9:
    |
198 |         string calldata name,
    |         ^^^^^^^^^^^^^^^^^^^^

Traces:
  [10976556] DeployStackSave::run()
    ├─ [0] VM::envUint("PRIVATE_KEY") [staticcall]
    │   └─ ← [Return] <env var value>
    ├─ [0] VM::addr(<pk>) [staticcall]
    │   └─ ← [Return] 0x00d1e028A70ee8D422bFD1132B50464E2D21FBcD
    ├─ [0] console::log("Deploying StackSave contracts...") [staticcall]
    │   └─ ← [Stop]
    ├─ [0] console::log("Deployer:", 0x00d1e028A70ee8D422bFD1132B50464E2D21FBcD) [staticcall]
    │   └─ ← [Stop]
    ├─ [0] VM::startBroadcast(<pk>)
    │   └─ ← [Return]
    ├─ [0] console::log("\n1. Deploying OctantYieldRouter...") [staticcall]
    │   └─ ← [Stop]
    ├─ [1032827] → new OctantYieldRouter@0x4C796ea1840927Fe851a9dA30A679268b33e841d
    │   ├─ emit OwnershipTransferred(previousOwner: 0x0000000000000000000000000000000000000000, newOwner: 0x00d1e028A70ee8D422bFD1132B50464E2D21FBcD)
    │   ├─ emit TokenWhitelisted(token: 0xA0b86991c6218b36c1d19D4a2e9Eb0cE3606eB48, status: true)
    │   ├─ emit TokenWhitelisted(token: 0x6B175474E89094C44Da98b954EedeAC495271d0F, status: true)
    │   ├─ emit TokenWhitelisted(token: 0xC02aaA39b223FE8D0A0e5C4F27eAD9083C756Cc2, status: true)
    │   └─ ← [Return] 4455 bytes of code
    ├─ [0] console::log("YieldRouter deployed at:", OctantYieldRouter: [0x4C796ea1840927Fe851a9dA30A679268b33e841d]) [staticcall]
    │   └─ ← [Stop]
    ├─ [0] console::log("\n2. Deploying StackSaveOctant...") [staticcall]
    │   └─ ← [Stop]
    ├─ [1734137] → new StackSaveOctant@0x8672C6b92d4C66A82F85CD724C08c8593a79d6a3
    │   ├─ emit OwnershipTransferred(previousOwner: 0x0000000000000000000000000000000000000000, newOwner: 0x00d1e028A70ee8D422bFD1132B50464E2D21FBcD)
    │   └─ ← [Return] 8098 bytes of code
    ├─ [0] console::log("StackSave deployed at:", StackSaveOctant: [0x8672C6b92d4C66A82F85CD724C08c8593a79d6a3]) [staticcall]
    │   └─ ← [Stop]
    ├─ [0] console::log("\n3. Deploying USDC Vault (Lite)...") [staticcall]
    │   └─ ← [Stop]
    ├─ [2109061] → new MorphoVaultAdapter@0x7C233fBD91BE4d11ba233f5372dF3045C14eAC30
    │   ├─ [9664] 0xA0b86991c6218b36c1d19D4a2e9Eb0cE3606eB48::decimals() [staticcall]
    │   │   ├─ [2381] 0x43506849D7C04F9138D1A2050bbF3A0c054402dd::decimals() [delegatecall]
    │   │   │   └─ ← [Return] 6
    │   │   └─ ← [Return] 6
    │   ├─ emit OwnershipTransferred(previousOwner: 0x0000000000000000000000000000000000000000, newOwner: StackSaveOctant: [0x8672C6b92d4C66A82F85CD724C08c8593a79d6a3])
    │   ├─ [27462] 0xA0b86991c6218b36c1d19D4a2e9Eb0cE3606eB48::approve(0xBBBBBbbBBb9cC5e90e3b3Af64bdAF62C37EEFFCb, 115792089237316195423570985008687907853269984665640564039457584007913129639935 [1.157e77])
    │   │   ├─ [26673] 0x43506849D7C04F9138D1A2050bbF3A0c054402dd::approve(0xBBBBBbbBBb9cC5e90e3b3Af64bdAF62C37EEFFCb, 115792089237316195423570985008687907853269984665640564039457584007913129639935 [1.157e77]) [delegatecall]
    │   │   │   ├─ emit Approval(owner: MorphoVaultAdapter: [0x7C233fBD91BE4d11ba233f5372dF3045C14eAC30], spender: 0xBBBBBbbBBb9cC5e90e3b3Af64bdAF62C37EEFFCb, value: 115792089237316195423570985008687907853269984665640564039457584007913129639935 [1.157e77])
    │   │   │   └─ ← [Return] true
    │   │   └─ ← [Return] true
    │   └─ ← [Return] 9751 bytes of code
    ├─ [0] console::log("USDC Vault deployed at:", MorphoVaultAdapter: [0x7C233fBD91BE4d11ba233f5372dF3045C14eAC30]) [staticcall]
    │   └─ ← [Stop]
    ├─ [0] console::log("\n4. Deploying DAI Vault (Lite)...") [staticcall]
    │   └─ ← [Stop]
    ├─ [2096689] → new MorphoVaultAdapter@0xeF85F786c9Cc624a6A02D9710DDD2AC1f42391BD
    │   ├─ [240] 0x6B175474E89094C44Da98b954EedeAC495271d0F::decimals() [staticcall]
    │   │   └─ ← [Return] 18
    │   ├─ emit OwnershipTransferred(previousOwner: 0x0000000000000000000000000000000000000000, newOwner: StackSaveOctant: [0x8672C6b92d4C66A82F85CD724C08c8593a79d6a3])
    │   ├─ [24514] 0x6B175474E89094C44Da98b954EedeAC495271d0F::approve(0xBBBBBbbBBb9cC5e90e3b3Af64bdAF62C37EEFFCb, 115792089237316195423570985008687907853269984665640564039457584007913129639935 [1.157e77])
    │   │   ├─ emit Approval(owner: MorphoVaultAdapter: [0xeF85F786c9Cc624a6A02D9710DDD2AC1f42391BD], spender: 0xBBBBBbbBBb9cC5e90e3b3Af64bdAF62C37EEFFCb, value: 115792089237316195423570985008687907853269984665640564039457584007913129639935 [1.157e77])
    │   │   └─ ← [Return] true
    │   └─ ← [Return] 9751 bytes of code
    ├─ [0] console::log("DAI Vault deployed at:", MorphoVaultAdapter: [0xeF85F786c9Cc624a6A02D9710DDD2AC1f42391BD]) [staticcall]
    │   └─ ← [Stop]
    ├─ [0] console::log("\n5. Deploying WETH Vault (Pro)...") [staticcall]
    │   └─ ← [Stop]
    ├─ [2098799] → new MorphoVaultAdapter@0x6a67A0e395774d8C95CAF7c479292F52D2A80220
    │   ├─ [2444] 0xC02aaA39b223FE8D0A0e5C4F27eAD9083C756Cc2::decimals() [staticcall]
    │   │   └─ ← [Return] 18
    │   ├─ emit OwnershipTransferred(previousOwner: 0x0000000000000000000000000000000000000000, newOwner: StackSaveOctant: [0x8672C6b92d4C66A82F85CD724C08c8593a79d6a3])
    │   ├─ [24420] 0xC02aaA39b223FE8D0A0e5C4F27eAD9083C756Cc2::approve(0xBBBBBbbBBb9cC5e90e3b3Af64bdAF62C37EEFFCb, 115792089237316195423570985008687907853269984665640564039457584007913129639935 [1.157e77])
    │   │   ├─ emit Approval(owner: MorphoVaultAdapter: [0x6a67A0e395774d8C95CAF7c479292F52D2A80220], spender: 0xBBBBBbbBBb9cC5e90e3b3Af64bdAF62C37EEFFCb, value: 115792089237316195423570985008687907853269984665640564039457584007913129639935 [1.157e77])
    │   │   └─ ← [Return] true
    │   └─ ← [Return] 9751 bytes of code
    ├─ [0] console::log("WETH Vault deployed at:", MorphoVaultAdapter: [0x6a67A0e395774d8C95CAF7c479292F52D2A80220]) [staticcall]
    │   └─ ← [Stop]
    ├─ [0] console::log("\n6. Deploying TokenFaucet...") [staticcall]
    │   └─ ← [Stop]
    ├─ [848005] → new TokenFaucet@0xbCA64F501Ab77518250ba17d7B9101eD1644E998
    │   ├─ emit OwnershipTransferred(previousOwner: 0x0000000000000000000000000000000000000000, newOwner: 0x00d1e028A70ee8D422bFD1132B50464E2D21FBcD)
    │   └─ ← [Return] 4116 bytes of code
    ├─ [0] console::log("TokenFaucet deployed at:", TokenFaucet: [0xbCA64F501Ab77518250ba17d7B9101eD1644E998]) [staticcall]
    │   └─ ← [Stop]
    ├─ [90973] TokenFaucet::configureToken(0xA0b86991c6218b36c1d19D4a2e9Eb0cE3606eB48, 100000000 [1e8])
    │   ├─ emit TokenConfigured(token: 0xA0b86991c6218b36c1d19D4a2e9Eb0cE3606eB48, claimAmount: 100000000 [1e8])
    │   └─ ← [Stop]
    ├─ [69073] TokenFaucet::configureToken(0x6B175474E89094C44Da98b954EedeAC495271d0F, 500000000000000000000 [5e20])
    │   ├─ emit TokenConfigured(token: 0x6B175474E89094C44Da98b954EedeAC495271d0F, claimAmount: 500000000000000000000 [5e20])
    │   └─ ← [Stop]
    ├─ [69073] TokenFaucet::configureToken(0xC02aaA39b223FE8D0A0e5C4F27eAD9083C756Cc2, 100000000000000000 [1e17])
    │   ├─ emit TokenConfigured(token: 0xC02aaA39b223FE8D0A0e5C4F27eAD9083C756Cc2, claimAmount: 100000000000000000 [1e17])
    │   └─ ← [Stop]
    ├─ [0] console::log("Faucet configured") [staticcall]
    │   └─ ← [Stop]
    ├─ [0] console::log("\n7. Configuring vaults in StackSave...") [staticcall]
    │   └─ ← [Stop]
    ├─ [91744] StackSaveOctant::configureVault(0xA0b86991c6218b36c1d19D4a2e9Eb0cE3606eB48, 0, MorphoVaultAdapter: [0x7C233fBD91BE4d11ba233f5372dF3045C14eAC30])
    │   ├─ emit VaultConfigured(currency: 0xA0b86991c6218b36c1d19D4a2e9Eb0cE3606eB48, mode: 0, vaultAddress: MorphoVaultAdapter: [0x7C233fBD91BE4d11ba233f5372dF3045C14eAC30])
    │   └─ ← [Stop]
    ├─ [69844] StackSaveOctant::configureVault(0x6B175474E89094C44Da98b954EedeAC495271d0F, 0, MorphoVaultAdapter: [0xeF85F786c9Cc624a6A02D9710DDD2AC1f42391BD])
    │   ├─ emit VaultConfigured(currency: 0x6B175474E89094C44Da98b954EedeAC495271d0F, mode: 0, vaultAddress: MorphoVaultAdapter: [0xeF85F786c9Cc624a6A02D9710DDD2AC1f42391BD])
    │   └─ ← [Stop]
    ├─ [69844] StackSaveOctant::configureVault(0xC02aaA39b223FE8D0A0e5C4F27eAD9083C756Cc2, 1, MorphoVaultAdapter: [0x6a67A0e395774d8C95CAF7c479292F52D2A80220])
    │   ├─ emit VaultConfigured(currency: 0xC02aaA39b223FE8D0A0e5C4F27eAD9083C756Cc2, mode: 1, vaultAddress: MorphoVaultAdapter: [0x6a67A0e395774d8C95CAF7c479292F52D2A80220])
    │   └─ ← [Stop]
    ├─ [0] console::log("Vaults configured") [staticcall]
    │   └─ ← [Stop]
    ├─ [0] console::log("\n8. Creating DAI market on Morpho Blue...") [staticcall]
    │   └─ ← [Stop]
    ├─ [2949] 0xBBBBBbbBBb9cC5e90e3b3Af64bdAF62C37EEFFCb::enableIrm(0x870aC11D48B15DB9a138Cf899d20F13F79Ba00BC)
    │   └─ ← [Revert] not owner
    ├─ [0] console::log("IRM already enabled or permission denied") [staticcall]
    │   └─ ← [Stop]
    ├─ [2850] 0xBBBBBbbBBb9cC5e90e3b3Af64bdAF62C37EEFFCb::enableLltv(860000000000000000 [8.6e17])
    │   └─ ← [Revert] not owner
    ├─ [0] console::log("LLTV already enabled or permission denied") [staticcall]
    │   └─ ← [Stop]
    ├─ [176711] 0xBBBBBbbBBb9cC5e90e3b3Af64bdAF62C37EEFFCb::createMarket(MarketParams({ loanToken: 0x6B175474E89094C44Da98b954EedeAC495271d0F, collateralToken: 0xC02aaA39b223FE8D0A0e5C4F27eAD9083C756Cc2, oracle: 0x773616E4d11A78F511299002da57A0a94577F1f4, irm: 0x870aC11D48B15DB9a138Cf899d20F13F79Ba00BC, lltv: 860000000000000000 [8.6e17] }))
    │   ├─  emit topic 0: 0xac4b2400f169220b0c0afdde7a0b32e775ba727ea1cb30b35f935cdaab8683ac
    │   │        topic 1: 0xdeb33320a72a20486d51edf5ab4bb2b5510cea55b06fe3ba5e51778802b0d196
    │   │           data: 0x0000000000000000000000006b175474e89094c44da98b954eedeac495271d0f000000000000000000000000c02aaa39b223fe8d0a0e5c4f27ead9083c756cc2000000000000000000000000773616e4d11a78f511299002da57a0a94577f1f4000000000000000000000000870ac11d48b15db9a138cf899d20f13f79ba00bc0000000000000000000000000000000000000000000000000bef55718ad60000
    │   ├─ [27592] 0x870aC11D48B15DB9a138Cf899d20F13F79Ba00BC::borrowRate((0x6B175474E89094C44Da98b954EedeAC495271d0F, 0xC02aaA39b223FE8D0A0e5C4F27eAD9083C756Cc2, 0x773616E4d11A78F511299002da57A0a94577F1f4, 0x870aC11D48B15DB9a138Cf899d20F13F79Ba00BC, 860000000000000000 [8.6e17]), (0, 0, 0, 0, 1762718423 [1.762e9], 0))
    │   │   ├─  emit topic 0: 0x7120161a7b3d31251e01294ab351ef15a41b91659a36032e4641bb89b121e321
    │   │   │        topic 1: 0xdeb33320a72a20486d51edf5ab4bb2b5510cea55b06fe3ba5e51778802b0d196
    │   │   │           data: 0x0000000000000000000000000000000000000000000000000000000012e687bf000000000000000000000000000000000000000000000000000000004b9a1eff
    │   │   └─ ← [Return] 0x0000000000000000000000000000000000000000000000000000000012e687bf
    │   └─ ← [Return]
    ├─ [0] console::log("DAI/WETH market created successfully") [staticcall]
    │   └─ ← [Stop]
    ├─ [0] VM::stopBroadcast()
    │   └─ ← [Return]
    ├─ [0] console::log("\n========================================") [staticcall]
    │   └─ ← [Stop]
    ├─ [0] console::log("DEPLOYMENT SUMMARY") [staticcall]
    │   └─ ← [Stop]
    ├─ [0] console::log("========================================") [staticcall]
    │   └─ ← [Stop]
    ├─ [0] console::log("StackSaveOctant:", StackSaveOctant: [0x8672C6b92d4C66A82F85CD724C08c8593a79d6a3]) [staticcall]
    │   └─ ← [Stop]
    ├─ [0] console::log("OctantYieldRouter:", OctantYieldRouter: [0x4C796ea1840927Fe851a9dA30A679268b33e841d]) [staticcall]
    │   └─ ← [Stop]
    ├─ [0] console::log("USDC Vault (Lite):", MorphoVaultAdapter: [0x7C233fBD91BE4d11ba233f5372dF3045C14eAC30]) [staticcall]
    │   └─ ← [Stop]
    ├─ [0] console::log("DAI Vault (Lite):", MorphoVaultAdapter: [0xeF85F786c9Cc624a6A02D9710DDD2AC1f42391BD]) [staticcall]
    │   └─ ← [Stop]
    ├─ [0] console::log("WETH Vault (Pro):", MorphoVaultAdapter: [0x6a67A0e395774d8C95CAF7c479292F52D2A80220]) [staticcall]
    │   └─ ← [Stop]
    ├─ [0] console::log("TokenFaucet:", TokenFaucet: [0xbCA64F501Ab77518250ba17d7B9101eD1644E998]) [staticcall]
    │   └─ ← [Stop]
    ├─ [0] console::log("========================================") [staticcall]
    │   └─ ← [Stop]
    ├─ [0] console::log("\nConfiguration:") [staticcall]
    │   └─ ← [Stop]
    ├─ [0] console::log("Morpho Blue:", 0xBBBBBbbBBb9cC5e90e3b3Af64bdAF62C37EEFFCb) [staticcall]
    │   └─ ← [Stop]
    ├─ [0] console::log("Octant Recipient:", 0x00d1e028A70ee8D422bFD1132B50464E2D21FBcD) [staticcall]
    │   └─ ← [Stop]
    ├─ [0] console::log("Reward Pool:", 0x00d1e028A70ee8D422bFD1132B50464E2D21FBcD) [staticcall]
    │   └─ ← [Stop]
    ├─ [0] console::log("Treasury:", 0x00d1e028A70ee8D422bFD1132B50464E2D21FBcD) [staticcall]
    │   └─ ← [Stop]
    ├─ [0] console::log("========================================") [staticcall]
    │   └─ ← [Stop]
    ├─ [0] console::log("\nNext Steps:") [staticcall]
    │   └─ ← [Stop]
    ├─ [0] console::log("1. Verify contracts on Etherscan") [staticcall]
    │   └─ ← [Stop]
    ├─ [0] console::log("2. Update Octant PaymentSplitter address if needed") [staticcall]
    │   └─ ← [Stop]
    ├─ [0] console::log("3. Transfer ownership if required") [staticcall]
    │   └─ ← [Stop]
    ├─ [0] console::log("4. Refill faucet with test tokens") [staticcall]
    │   └─ ← [Stop]
    ├─ [0] console::log("5. Test complete flow on frontend") [staticcall]
    │   └─ ← [Stop]
    ├─ [0] console::log("========================================") [staticcall]
    │   └─ ← [Stop]
    └─ ← [Stop]


Script ran successfully.

== Logs ==
  Deploying StackSave contracts...
  Deployer: 0x00d1e028A70ee8D422bFD1132B50464E2D21FBcD
  
1. Deploying OctantYieldRouter...
  YieldRouter deployed at: 0x4C796ea1840927Fe851a9dA30A679268b33e841d
  
2. Deploying StackSaveOctant...
  StackSave deployed at: 0x8672C6b92d4C66A82F85CD724C08c8593a79d6a3
  
3. Deploying USDC Vault (Lite)...
  USDC Vault deployed at: 0x7C233fBD91BE4d11ba233f5372dF3045C14eAC30
  
4. Deploying DAI Vault (Lite)...
  DAI Vault deployed at: 0xeF85F786c9Cc624a6A02D9710DDD2AC1f42391BD
  
5. Deploying WETH Vault (Pro)...
  WETH Vault deployed at: 0x6a67A0e395774d8C95CAF7c479292F52D2A80220
  
6. Deploying TokenFaucet...
  TokenFaucet deployed at: 0xbCA64F501Ab77518250ba17d7B9101eD1644E998
  Faucet configured
  
7. Configuring vaults in StackSave...
  Vaults configured
  
8. Creating DAI market on Morpho Blue...
  IRM already enabled or permission denied
  LLTV already enabled or permission denied
  DAI/WETH market created successfully
  
========================================
  DEPLOYMENT SUMMARY
  ========================================
  StackSaveOctant: 0x8672C6b92d4C66A82F85CD724C08c8593a79d6a3
  OctantYieldRouter: 0x4C796ea1840927Fe851a9dA30A679268b33e841d
  USDC Vault (Lite): 0x7C233fBD91BE4d11ba233f5372dF3045C14eAC30
  DAI Vault (Lite): 0xeF85F786c9Cc624a6A02D9710DDD2AC1f42391BD
  WETH Vault (Pro): 0x6a67A0e395774d8C95CAF7c479292F52D2A80220
  TokenFaucet: 0xbCA64F501Ab77518250ba17d7B9101eD1644E998
  ========================================
  
Configuration:
  Morpho Blue: 0xBBBBBbbBBb9cC5e90e3b3Af64bdAF62C37EEFFCb
  Octant Recipient: 0x00d1e028A70ee8D422bFD1132B50464E2D21FBcD
  Reward Pool: 0x00d1e028A70ee8D422bFD1132B50464E2D21FBcD
  Treasury: 0x00d1e028A70ee8D422bFD1132B50464E2D21FBcD
  ========================================
  
Next Steps:
  1. Verify contracts on Etherscan
  2. Update Octant PaymentSplitter address if needed
  3. Transfer ownership if required
  4. Refill faucet with test tokens
  5. Test complete flow on frontend
  ========================================

## Setting up 1 EVM.
==========================
Simulated On-chain Traces:

  [1032827] → new OctantYieldRouter@0x4C796ea1840927Fe851a9dA30A679268b33e841d
    ├─ emit OwnershipTransferred(previousOwner: 0x0000000000000000000000000000000000000000, newOwner: 0x00d1e028A70ee8D422bFD1132B50464E2D21FBcD)
    ├─ emit TokenWhitelisted(token: 0xA0b86991c6218b36c1d19D4a2e9Eb0cE3606eB48, status: true)
    ├─ emit TokenWhitelisted(token: 0x6B175474E89094C44Da98b954EedeAC495271d0F, status: true)
    ├─ emit TokenWhitelisted(token: 0xC02aaA39b223FE8D0A0e5C4F27eAD9083C756Cc2, status: true)
    └─ ← [Return] 4455 bytes of code

  [1734137] → new StackSaveOctant@0x8672C6b92d4C66A82F85CD724C08c8593a79d6a3
    ├─ emit OwnershipTransferred(previousOwner: 0x0000000000000000000000000000000000000000, newOwner: 0x00d1e028A70ee8D422bFD1132B50464E2D21FBcD)
    └─ ← [Return] 8098 bytes of code

  [2109061] → new MorphoVaultAdapter@0x7C233fBD91BE4d11ba233f5372dF3045C14eAC30
    ├─ [9664] 0xA0b86991c6218b36c1d19D4a2e9Eb0cE3606eB48::decimals() [staticcall]
    │   ├─ [2381] 0x43506849D7C04F9138D1A2050bbF3A0c054402dd::decimals() [delegatecall]
    │   │   └─ ← [Return] 6
    │   └─ ← [Return] 6
    ├─ emit OwnershipTransferred(previousOwner: 0x0000000000000000000000000000000000000000, newOwner: StackSaveOctant: [0x8672C6b92d4C66A82F85CD724C08c8593a79d6a3])
    ├─ [27462] 0xA0b86991c6218b36c1d19D4a2e9Eb0cE3606eB48::approve(0xBBBBBbbBBb9cC5e90e3b3Af64bdAF62C37EEFFCb, 115792089237316195423570985008687907853269984665640564039457584007913129639935 [1.157e77])
    │   ├─ [26673] 0x43506849D7C04F9138D1A2050bbF3A0c054402dd::approve(0xBBBBBbbBBb9cC5e90e3b3Af64bdAF62C37EEFFCb, 115792089237316195423570985008687907853269984665640564039457584007913129639935 [1.157e77]) [delegatecall]
    │   │   ├─ emit Approval(owner: MorphoVaultAdapter: [0x7C233fBD91BE4d11ba233f5372dF3045C14eAC30], spender: 0xBBBBBbbBBb9cC5e90e3b3Af64bdAF62C37EEFFCb, value: 115792089237316195423570985008687907853269984665640564039457584007913129639935 [1.157e77])
    │   │   └─ ← [Return] true
    │   └─ ← [Return] true
    └─ ← [Return] 9751 bytes of code

  [2096689] → new MorphoVaultAdapter@0xeF85F786c9Cc624a6A02D9710DDD2AC1f42391BD
    ├─ [240] 0x6B175474E89094C44Da98b954EedeAC495271d0F::decimals() [staticcall]
    │   └─ ← [Return] 18
    ├─ emit OwnershipTransferred(previousOwner: 0x0000000000000000000000000000000000000000, newOwner: StackSaveOctant: [0x8672C6b92d4C66A82F85CD724C08c8593a79d6a3])
    ├─ [24514] 0x6B175474E89094C44Da98b954EedeAC495271d0F::approve(0xBBBBBbbBBb9cC5e90e3b3Af64bdAF62C37EEFFCb, 115792089237316195423570985008687907853269984665640564039457584007913129639935 [1.157e77])
    │   ├─ emit Approval(owner: MorphoVaultAdapter: [0xeF85F786c9Cc624a6A02D9710DDD2AC1f42391BD], spender: 0xBBBBBbbBBb9cC5e90e3b3Af64bdAF62C37EEFFCb, value: 115792089237316195423570985008687907853269984665640564039457584007913129639935 [1.157e77])
    │   └─ ← [Return] true
    └─ ← [Return] 9751 bytes of code

  [2098799] → new MorphoVaultAdapter@0x6a67A0e395774d8C95CAF7c479292F52D2A80220
    ├─ [2444] 0xC02aaA39b223FE8D0A0e5C4F27eAD9083C756Cc2::decimals() [staticcall]
    │   └─ ← [Return] 18
    ├─ emit OwnershipTransferred(previousOwner: 0x0000000000000000000000000000000000000000, newOwner: StackSaveOctant: [0x8672C6b92d4C66A82F85CD724C08c8593a79d6a3])
    ├─ [24420] 0xC02aaA39b223FE8D0A0e5C4F27eAD9083C756Cc2::approve(0xBBBBBbbBBb9cC5e90e3b3Af64bdAF62C37EEFFCb, 115792089237316195423570985008687907853269984665640564039457584007913129639935 [1.157e77])
    │   ├─ emit Approval(owner: MorphoVaultAdapter: [0x6a67A0e395774d8C95CAF7c479292F52D2A80220], spender: 0xBBBBBbbBBb9cC5e90e3b3Af64bdAF62C37EEFFCb, value: 115792089237316195423570985008687907853269984665640564039457584007913129639935 [1.157e77])
    │   └─ ← [Return] true
    └─ ← [Return] 9751 bytes of code

  [848005] → new TokenFaucet@0xbCA64F501Ab77518250ba17d7B9101eD1644E998
    ├─ emit OwnershipTransferred(previousOwner: 0x0000000000000000000000000000000000000000, newOwner: 0x00d1e028A70ee8D422bFD1132B50464E2D21FBcD)
    └─ ← [Return] 4116 bytes of code

  [92973] TokenFaucet::configureToken(0xA0b86991c6218b36c1d19D4a2e9Eb0cE3606eB48, 100000000 [1e8])
    ├─ emit TokenConfigured(token: 0xA0b86991c6218b36c1d19D4a2e9Eb0cE3606eB48, claimAmount: 100000000 [1e8])
    └─ ← [Stop]

  [75873] TokenFaucet::configureToken(0x6B175474E89094C44Da98b954EedeAC495271d0F, 500000000000000000000 [5e20])
    ├─ emit TokenConfigured(token: 0x6B175474E89094C44Da98b954EedeAC495271d0F, claimAmount: 500000000000000000000 [5e20])
    └─ ← [Stop]

  [75873] TokenFaucet::configureToken(0xC02aaA39b223FE8D0A0e5C4F27eAD9083C756Cc2, 100000000000000000 [1e17])
    ├─ emit TokenConfigured(token: 0xC02aaA39b223FE8D0A0e5C4F27eAD9083C756Cc2, claimAmount: 100000000000000000 [1e17])
    └─ ← [Stop]

  [93744] StackSaveOctant::configureVault(0xA0b86991c6218b36c1d19D4a2e9Eb0cE3606eB48, 0, MorphoVaultAdapter: [0x7C233fBD91BE4d11ba233f5372dF3045C14eAC30])
    ├─ emit VaultConfigured(currency: 0xA0b86991c6218b36c1d19D4a2e9Eb0cE3606eB48, mode: 0, vaultAddress: MorphoVaultAdapter: [0x7C233fBD91BE4d11ba233f5372dF3045C14eAC30])
    └─ ← [Stop]

  [76644] StackSaveOctant::configureVault(0x6B175474E89094C44Da98b954EedeAC495271d0F, 0, MorphoVaultAdapter: [0xeF85F786c9Cc624a6A02D9710DDD2AC1f42391BD])
    ├─ emit VaultConfigured(currency: 0x6B175474E89094C44Da98b954EedeAC495271d0F, mode: 0, vaultAddress: MorphoVaultAdapter: [0xeF85F786c9Cc624a6A02D9710DDD2AC1f42391BD])
    └─ ← [Stop]

  [76644] StackSaveOctant::configureVault(0xC02aaA39b223FE8D0A0e5C4F27eAD9083C756Cc2, 1, MorphoVaultAdapter: [0x6a67A0e395774d8C95CAF7c479292F52D2A80220])
    ├─ emit VaultConfigured(currency: 0xC02aaA39b223FE8D0A0e5C4F27eAD9083C756Cc2, mode: 1, vaultAddress: MorphoVaultAdapter: [0x6a67A0e395774d8C95CAF7c479292F52D2A80220])
    └─ ← [Stop]

  [2949] 0xBBBBBbbBBb9cC5e90e3b3Af64bdAF62C37EEFFCb::enableIrm(0x870aC11D48B15DB9a138Cf899d20F13F79Ba00BC)
    └─ ← [Revert] not owner

  [2850] 0xBBBBBbbBBb9cC5e90e3b3Af64bdAF62C37EEFFCb::enableLltv(860000000000000000 [8.6e17])
    └─ ← [Revert] not owner

  [176711] 0xBBBBBbbBBb9cC5e90e3b3Af64bdAF62C37EEFFCb::createMarket(MarketParams({ loanToken: 0x6B175474E89094C44Da98b954EedeAC495271d0F, collateralToken: 0xC02aaA39b223FE8D0A0e5C4F27eAD9083C756Cc2, oracle: 0x773616E4d11A78F511299002da57A0a94577F1f4, irm: 0x870aC11D48B15DB9a138Cf899d20F13F79Ba00BC, lltv: 860000000000000000 [8.6e17] }))
    ├─  emit topic 0: 0xac4b2400f169220b0c0afdde7a0b32e775ba727ea1cb30b35f935cdaab8683ac
    │        topic 1: 0xdeb33320a72a20486d51edf5ab4bb2b5510cea55b06fe3ba5e51778802b0d196
    │           data: 0x0000000000000000000000006b175474e89094c44da98b954eedeac495271d0f000000000000000000000000c02aaa39b223fe8d0a0e5c4f27ead9083c756cc2000000000000000000000000773616e4d11a78f511299002da57a0a94577f1f4000000000000000000000000870ac11d48b15db9a138cf899d20f13f79ba00bc0000000000000000000000000000000000000000000000000bef55718ad60000
    ├─ [27592] 0x870aC11D48B15DB9a138Cf899d20F13F79Ba00BC::borrowRate((0x6B175474E89094C44Da98b954EedeAC495271d0F, 0xC02aaA39b223FE8D0A0e5C4F27eAD9083C756Cc2, 0x773616E4d11A78F511299002da57A0a94577F1f4, 0x870aC11D48B15DB9a138Cf899d20F13F79Ba00BC, 860000000000000000 [8.6e17]), (0, 0, 0, 0, 1762718423 [1.762e9], 0))
    │   ├─  emit topic 0: 0x7120161a7b3d31251e01294ab351ef15a41b91659a36032e4641bb89b121e321
    │   │        topic 1: 0xdeb33320a72a20486d51edf5ab4bb2b5510cea55b06fe3ba5e51778802b0d196
    │   │           data: 0x0000000000000000000000000000000000000000000000000000000012e687bf000000000000000000000000000000000000000000000000000000004b9a1eff
    │   └─ ← [Return] 0x0000000000000000000000000000000000000000000000000000000012e687bf
    └─ ← [Return]

Error: Simulated execution failed.
